<?xml version="1.0" encoding="UTF-8"?>
<testng-results skipped="0" failed="0" total="14" passed="14">
  <reporter-output>
  </reporter-output>
  <suite name="Resources REST Project Test Suite" duration-ms="5232" started-at="2017-11-22T01:15:27Z" finished-at="2017-11-22T01:15:32Z">
    <groups>
    </groups>
    <test name="Resources Tests" duration-ms="5232" started-at="2017-11-22T01:15:27Z" finished-at="2017-11-22T01:15:32Z">
      <class name="com.automation.rest.assured.test.ResourcesPOSTTest">
        <test-method status="PASS" signature="makeSureThatJsonpPlaceholderSiteIsUp()[pri:0, instance:com.automation.rest.assured.test.ResourcesPOSTTest@31a5c39e]" name="makeSureThatJsonpPlaceholderSiteIsUp" duration-ms="150" started-at="2017-11-21T19:15:30Z" finished-at="2017-11-21T19:15:30Z">
          <reporter-output>
          </reporter-output>
        </test-method> <!-- makeSureThatJsonpPlaceholderSiteIsUp -->
        <test-method status="PASS" signature="setup()[pri:0, instance:com.automation.rest.assured.test.ResourcesPOSTTest@31a5c39e]" name="setup" is-config="true" duration-ms="0" started-at="2017-11-21T19:15:30Z" finished-at="2017-11-21T19:15:30Z">
          <reporter-output>
          </reporter-output>
        </test-method> <!-- setup -->
        <test-method status="PASS" signature="makeSureThatCommentsArePostedUsingDataProvider([Lorg.apache.metamodel.query.SelectItem;, [Ljava.lang.Object;)[pri:0, instance:com.automation.rest.assured.test.ResourcesPOSTTest@31a5c39e]" name="makeSureThatCommentsArePostedUsingDataProvider" duration-ms="539" started-at="2017-11-21T19:15:30Z" data-provider="csvDataProvider" depends-on-methods="com.automation.rest.assured.test.ResourcesPOSTTest.makeSureThatJsonpPlaceholderSiteIsUp" finished-at="2017-11-21T19:15:31Z">
          <params>
            <param index="0">
              <value>
                <![CDATA[[Lorg.apache.metamodel.query.SelectItem;@4bbb49b0]]>
              </value>
            </param>
            <param index="1">
              <value>
                <![CDATA[[Ljava.lang.Object;@f096f37]]>
              </value>
            </param>
          </params>
          <reporter-output>
          </reporter-output>
        </test-method> <!-- makeSureThatCommentsArePostedUsingDataProvider -->
        <test-method status="PASS" signature="makeSureThatCommentsArePostedUsingDataProvider([Lorg.apache.metamodel.query.SelectItem;, [Ljava.lang.Object;)[pri:0, instance:com.automation.rest.assured.test.ResourcesPOSTTest@31a5c39e]" name="makeSureThatCommentsArePostedUsingDataProvider" duration-ms="277" started-at="2017-11-21T19:15:31Z" data-provider="csvDataProvider" depends-on-methods="com.automation.rest.assured.test.ResourcesPOSTTest.makeSureThatJsonpPlaceholderSiteIsUp" finished-at="2017-11-21T19:15:31Z">
          <params>
            <param index="0">
              <value>
                <![CDATA[[Lorg.apache.metamodel.query.SelectItem;@4bbb49b0]]>
              </value>
            </param>
            <param index="1">
              <value>
                <![CDATA[[Ljava.lang.Object;@3effd4f3]]>
              </value>
            </param>
          </params>
          <reporter-output>
          </reporter-output>
        </test-method> <!-- makeSureThatCommentsArePostedUsingDataProvider -->
        <test-method status="PASS" signature="makeSureThatCommentsArePostedUsingDataProvider([Lorg.apache.metamodel.query.SelectItem;, [Ljava.lang.Object;)[pri:0, instance:com.automation.rest.assured.test.ResourcesPOSTTest@31a5c39e]" name="makeSureThatCommentsArePostedUsingDataProvider" duration-ms="327" started-at="2017-11-21T19:15:31Z" data-provider="csvDataProvider" depends-on-methods="com.automation.rest.assured.test.ResourcesPOSTTest.makeSureThatJsonpPlaceholderSiteIsUp" finished-at="2017-11-21T19:15:31Z">
          <params>
            <param index="0">
              <value>
                <![CDATA[[Lorg.apache.metamodel.query.SelectItem;@4bbb49b0]]>
              </value>
            </param>
            <param index="1">
              <value>
                <![CDATA[[Ljava.lang.Object;@41f4fe5]]>
              </value>
            </param>
          </params>
          <reporter-output>
          </reporter-output>
        </test-method> <!-- makeSureThatCommentsArePostedUsingDataProvider -->
        <test-method status="PASS" signature="makeSureThatCommentsArePostedUsingDataProvider([Lorg.apache.metamodel.query.SelectItem;, [Ljava.lang.Object;)[pri:0, instance:com.automation.rest.assured.test.ResourcesPOSTTest@31a5c39e]" name="makeSureThatCommentsArePostedUsingDataProvider" duration-ms="381" started-at="2017-11-21T19:15:31Z" data-provider="csvDataProvider" depends-on-methods="com.automation.rest.assured.test.ResourcesPOSTTest.makeSureThatJsonpPlaceholderSiteIsUp" finished-at="2017-11-21T19:15:32Z">
          <params>
            <param index="0">
              <value>
                <![CDATA[[Lorg.apache.metamodel.query.SelectItem;@4bbb49b0]]>
              </value>
            </param>
            <param index="1">
              <value>
                <![CDATA[[Ljava.lang.Object;@15f8701f]]>
              </value>
            </param>
          </params>
          <reporter-output>
          </reporter-output>
        </test-method> <!-- makeSureThatCommentsArePostedUsingDataProvider -->
        <test-method status="PASS" signature="makeSureThatCommentsArePostedUsingDataProvider([Lorg.apache.metamodel.query.SelectItem;, [Ljava.lang.Object;)[pri:0, instance:com.automation.rest.assured.test.ResourcesPOSTTest@31a5c39e]" name="makeSureThatCommentsArePostedUsingDataProvider" duration-ms="388" started-at="2017-11-21T19:15:32Z" data-provider="csvDataProvider" depends-on-methods="com.automation.rest.assured.test.ResourcesPOSTTest.makeSureThatJsonpPlaceholderSiteIsUp" finished-at="2017-11-21T19:15:32Z">
          <params>
            <param index="0">
              <value>
                <![CDATA[[Lorg.apache.metamodel.query.SelectItem;@4bbb49b0]]>
              </value>
            </param>
            <param index="1">
              <value>
                <![CDATA[[Ljava.lang.Object;@514cd540]]>
              </value>
            </param>
          </params>
          <reporter-output>
          </reporter-output>
        </test-method> <!-- makeSureThatCommentsArePostedUsingDataProvider -->
        <test-method status="PASS" signature="makeSureThatCommentsArePostedUsingDataProvider([Lorg.apache.metamodel.query.SelectItem;, [Ljava.lang.Object;)[pri:0, instance:com.automation.rest.assured.test.ResourcesPOSTTest@31a5c39e]" name="makeSureThatCommentsArePostedUsingDataProvider" duration-ms="274" started-at="2017-11-21T19:15:32Z" data-provider="csvDataProvider" depends-on-methods="com.automation.rest.assured.test.ResourcesPOSTTest.makeSureThatJsonpPlaceholderSiteIsUp" finished-at="2017-11-21T19:15:32Z">
          <params>
            <param index="0">
              <value>
                <![CDATA[[Lorg.apache.metamodel.query.SelectItem;@4bbb49b0]]>
              </value>
            </param>
            <param index="1">
              <value>
                <![CDATA[[Ljava.lang.Object;@11d4dbd6]]>
              </value>
            </param>
          </params>
          <reporter-output>
          </reporter-output>
        </test-method> <!-- makeSureThatCommentsArePostedUsingDataProvider -->
      </class> <!-- com.automation.rest.assured.test.ResourcesPOSTTest -->
      <class name="com.automation.rest.assured.test.ResourcesRESTTest">
        <test-method status="PASS" signature="setup()[pri:0, instance:com.automation.rest.assured.test.ResourcesRESTTest@4566e5bd]" name="setup" is-config="true" duration-ms="259" started-at="2017-11-21T19:15:27Z" finished-at="2017-11-21T19:15:28Z">
          <reporter-output>
          </reporter-output>
        </test-method> <!-- setup -->
        <test-method status="PASS" signature="makeSureThatJsonpPlaceholderSiteIsUp()[pri:0, instance:com.automation.rest.assured.test.ResourcesRESTTest@4566e5bd]" name="makeSureThatJsonpPlaceholderSiteIsUp" duration-ms="991" started-at="2017-11-21T19:15:28Z" finished-at="2017-11-21T19:15:28Z">
          <reporter-output>
          </reporter-output>
        </test-method> <!-- makeSureThatJsonpPlaceholderSiteIsUp -->
        <test-method status="PASS" signature="makeSureThatCommentsAreAvailable()[pri:0, instance:com.automation.rest.assured.test.ResourcesRESTTest@4566e5bd]" name="makeSureThatCommentsAreAvailable" duration-ms="228" started-at="2017-11-21T19:15:29Z" depends-on-methods="com.automation.rest.assured.test.ResourcesRESTTest.makeSureThatJsonpPlaceholderSiteIsUp" finished-at="2017-11-21T19:15:29Z">
          <reporter-output>
          </reporter-output>
        </test-method> <!-- makeSureThatCommentsAreAvailable -->
        <test-method status="PASS" signature="makeSureHeaderIsCorrect()[pri:0, instance:com.automation.rest.assured.test.ResourcesRESTTest@4566e5bd]" name="makeSureHeaderIsCorrect" duration-ms="261" started-at="2017-11-21T19:15:29Z" depends-on-methods="com.automation.rest.assured.test.ResourcesRESTTest.makeSureThatCommentsAreAvailable" finished-at="2017-11-21T19:15:29Z">
          <reporter-output>
          </reporter-output>
        </test-method> <!-- makeSureHeaderIsCorrect -->
        <test-method status="PASS" signature="makeSureNumberOfComments()[pri:0, instance:com.automation.rest.assured.test.ResourcesRESTTest@4566e5bd]" name="makeSureNumberOfComments" duration-ms="526" started-at="2017-11-21T19:15:29Z" depends-on-methods="com.automation.rest.assured.test.ResourcesRESTTest.makeSureThatCommentsAreAvailable" finished-at="2017-11-21T19:15:30Z">
          <reporter-output>
          </reporter-output>
        </test-method> <!-- makeSureNumberOfComments -->
        <test-method status="PASS" signature="makeSureThatCommentByIdIsRetrieved()[pri:0, instance:com.automation.rest.assured.test.ResourcesRESTTest@4566e5bd]" name="makeSureThatCommentByIdIsRetrieved" duration-ms="159" started-at="2017-11-21T19:15:30Z" depends-on-methods="com.automation.rest.assured.test.ResourcesRESTTest.makeSureThatCommentsAreAvailable" finished-at="2017-11-21T19:15:30Z">
          <reporter-output>
          </reporter-output>
        </test-method> <!-- makeSureThatCommentByIdIsRetrieved -->
        <test-method status="PASS" signature="makeSureThatCommentRetrievedByIdContainsAtSign()[pri:0, instance:com.automation.rest.assured.test.ResourcesRESTTest@4566e5bd]" name="makeSureThatCommentRetrievedByIdContainsAtSign" duration-ms="158" started-at="2017-11-21T19:15:30Z" depends-on-methods="com.automation.rest.assured.test.ResourcesRESTTest.makeSureThatCommentsAreAvailable" finished-at="2017-11-21T19:15:30Z">
          <reporter-output>
          </reporter-output>
        </test-method> <!-- makeSureThatCommentRetrievedByIdContainsAtSign -->
        <test-method status="PASS" signature="makeSureThatEmailIsNotEmpty()[pri:0, instance:com.automation.rest.assured.test.ResourcesRESTTest@4566e5bd]" name="makeSureThatEmailIsNotEmpty" duration-ms="254" started-at="2017-11-21T19:15:30Z" depends-on-methods="com.automation.rest.assured.test.ResourcesRESTTest.makeSureThatCommentsAreAvailable" finished-at="2017-11-21T19:15:30Z">
          <reporter-output>
          </reporter-output>
        </test-method> <!-- makeSureThatEmailIsNotEmpty -->
      </class> <!-- com.automation.rest.assured.test.ResourcesRESTTest -->
    </test> <!-- Resources Tests -->
  </suite> <!-- Resources REST Project Test Suite -->
</testng-results>
