<?xml version="1.0" encoding="UTF-8"?>
<!-- Generated by org.testng.reporters.JUnitXMLReporter -->
<testsuite hostname="MX-IT01016" name="Resources Tests" tests="7" failures="0" timestamp="21 Nov 2017 17:45:35 GMT" time="2.537" errors="0">
  <testcase name="makeSureThatJsonpPlaceholderSiteIsUp" time="0.852" classname="com.automation.rest.assured.test.ResourcesRESTTest"/>
  <testcase name="makeSureThatCommentsAreAvailable" time="0.216" classname="com.automation.rest.assured.test.ResourcesRESTTest"/>
  <testcase name="makeSureNumberOfComments" time="0.581" classname="com.automation.rest.assured.test.ResourcesRESTTest"/>
  <testcase name="makeSureThatCommentByIdIsRetrieved" time="0.164" classname="com.automation.rest.assured.test.ResourcesRESTTest"/>
  <testcase name="makeSureThatCommentRetrievedByIdContainsAtSign" time="0.146" classname="com.automation.rest.assured.test.ResourcesRESTTest"/>
  <testcase name="makeSureThatJsonpPlaceholderSiteIsUp" time="0.152" classname="com.automation.rest.assured.test.ResourcesPOSTTest"/>
  <testcase name="makeSureThatCommentsAreAvailable" time="0.181" classname="com.automation.rest.assured.test.ResourcesPOSTTest"/>
</testsuite> <!-- Resources Tests -->
