<?xml version="1.0" encoding="UTF-8"?>
<!-- Generated by org.testng.reporters.JUnitXMLReporter -->
<testsuite hostname="MX-IT01016" name="Resources Tests" tests="14" failures="0" timestamp="22 Nov 2017 01:15:32 GMT" time="5.232" errors="0">
  <testcase name="makeSureThatJsonpPlaceholderSiteIsUp" time="0.991" classname="com.automation.rest.assured.test.ResourcesRESTTest"/>
  <testcase name="makeSureThatCommentsAreAvailable" time="0.228" classname="com.automation.rest.assured.test.ResourcesRESTTest"/>
  <testcase name="makeSureHeaderIsCorrect" time="0.261" classname="com.automation.rest.assured.test.ResourcesRESTTest"/>
  <testcase name="makeSureNumberOfComments" time="0.526" classname="com.automation.rest.assured.test.ResourcesRESTTest"/>
  <testcase name="makeSureThatCommentByIdIsRetrieved" time="0.159" classname="com.automation.rest.assured.test.ResourcesRESTTest"/>
  <testcase name="makeSureThatCommentRetrievedByIdContainsAtSign" time="0.158" classname="com.automation.rest.assured.test.ResourcesRESTTest"/>
  <testcase name="makeSureThatEmailIsNotEmpty" time="0.254" classname="com.automation.rest.assured.test.ResourcesRESTTest"/>
  <testcase name="makeSureThatJsonpPlaceholderSiteIsUp" time="0.15" classname="com.automation.rest.assured.test.ResourcesPOSTTest"/>
  <testcase name="makeSureThatCommentsArePostedUsingDataProvider" time="0.539" classname="com.automation.rest.assured.test.ResourcesPOSTTest"/>
  <testcase name="makeSureThatCommentsArePostedUsingDataProvider" time="0.277" classname="com.automation.rest.assured.test.ResourcesPOSTTest"/>
  <testcase name="makeSureThatCommentsArePostedUsingDataProvider" time="0.327" classname="com.automation.rest.assured.test.ResourcesPOSTTest"/>
  <testcase name="makeSureThatCommentsArePostedUsingDataProvider" time="0.381" classname="com.automation.rest.assured.test.ResourcesPOSTTest"/>
  <testcase name="makeSureThatCommentsArePostedUsingDataProvider" time="0.388" classname="com.automation.rest.assured.test.ResourcesPOSTTest"/>
  <testcase name="makeSureThatCommentsArePostedUsingDataProvider" time="0.274" classname="com.automation.rest.assured.test.ResourcesPOSTTest"/>
</testsuite> <!-- Resources Tests -->
